生成启动时间为 2012/4/11 10:23:28。
     1>项目“D:\directx\project\MultiAnimMesh-13-getPoint\MultiAnimMesh\MultiAnimMesh_2005.vcxproj”在节点 2 上(build 个目标)。
     1>InitializeBuildStatus:
         正在创建“Debug\MultiAnimMesh.unsuccessfulbuild”，因为已指定“AlwaysCreate”。
       ClCompile:
         所有输出均为最新。
         d:\virtual c++\安装\VC\bin\CL.exe /c /ICommon /ZI /nologo /W4 /WX- /Od /Oy- /D WIN32 /D _DEBUG /D DEBUG /D PROFILE /D _WINDOWS /D _VC80_UPGRADE=0x0710 /D _UNICODE /D UNICODE /Gm /EHsc /MTd /GS /fp:precise /Zc:wchar_t /Zc:forScope /Yu"dxstdafx.h" /Fp"Debug\MultiAnimMesh.pch" /Fo"Debug\\" /Fd"Debug\vc100.pdb" /Gd /TP /analyze- /errorReport:prompt MultiAnimMesh.cpp
         MultiAnimMesh.cpp
     1>d:\virtual c++\安装\vc\include\cstdio(48): warning C4995: “gets”: 名称被标记为 #pragma deprecated
     1>d:\virtual c++\安装\vc\include\cstdio(52): warning C4995: “sprintf”: 名称被标记为 #pragma deprecated
     1>d:\virtual c++\安装\vc\include\cstdio(55): warning C4995: “vsprintf”: 名称被标记为 #pragma deprecated
     1>d:\virtual c++\安装\vc\include\cstring(21): warning C4995: “strcat”: 名称被标记为 #pragma deprecated
     1>d:\virtual c++\安装\vc\include\cstring(22): warning C4995: “strcpy”: 名称被标记为 #pragma deprecated
     1>d:\virtual c++\安装\vc\include\cstring(23): warning C4995: “strncat”: 名称被标记为 #pragma deprecated
     1>d:\virtual c++\安装\vc\include\cstring(24): warning C4995: “strncpy”: 名称被标记为 #pragma deprecated
     1>d:\virtual c++\安装\vc\include\cwchar(30): warning C4995: “swprintf”: 名称被标记为 #pragma deprecated
     1>d:\virtual c++\安装\vc\include\cwchar(31): warning C4995: “vswprintf”: 名称被标记为 #pragma deprecated
     1>d:\virtual c++\安装\vc\include\cwchar(33): warning C4995: “wcscat”: 名称被标记为 #pragma deprecated
     1>d:\virtual c++\安装\vc\include\cwchar(35): warning C4995: “wcscpy”: 名称被标记为 #pragma deprecated
     1>d:\virtual c++\安装\vc\include\cwchar(36): warning C4995: “wcsncat”: 名称被标记为 #pragma deprecated
     1>d:\virtual c++\安装\vc\include\cwchar(36): warning C4995: “wcsncpy”: 名称被标记为 #pragma deprecated
     1>d:\virtual c++\安装\vc\include\intrin.h(1087): warning C4995: “wcscat”: 名称被标记为 #pragma deprecated
     1>d:\virtual c++\安装\vc\include\intrin.h(1089): warning C4995: “wcscpy”: 名称被标记为 #pragma deprecated
       Link:
         d:\virtual c++\安装\VC\bin\link.exe /ERRORREPORT:PROMPT /OUT:"Debug\MultiAnimMesh.exe" /INCREMENTAL /NOLOGO dxerr.lib dxguid.lib d3dx9d.lib d3d9.lib winmm.lib comctl32.lib kernel32.lib user32.lib gdi32.lib winspool.lib comdlg32.lib advapi32.lib shell32.lib ole32.lib oleaut32.lib uuid.lib odbc32.lib odbccp32.lib /MANIFEST:NO /DEBUG /PDB:"Debug\MultiAnimMesh.pdb" /SUBSYSTEM:WINDOWS /TLBID:1 /DYNAMICBASE /NXCOMPAT /IMPLIB:"Debug\MultiAnimMesh.lib" /MACHINE:X86 Debug\Billboard.obj
         Debug\camera.obj
         Debug\Collision.obj
         Debug\dxstdafx.obj
         Debug\DXUT.obj
         Debug\DXUTenum.obj
         Debug\DXUTgui.obj
         Debug\DXUTmisc.obj
         Debug\DXUTRes.obj
         Debug\DXUTSettingsDlg.obj
         Debug\AllocateHierarchy.obj
         Debug\Frustum.obj
         Debug\GradientMesh.obj
         Debug\MultiAnimMesh.obj
         Debug\Plane.obj
         Debug\SkinMesh.obj
         Debug\Skybox.obj
         Debug\StaticMesh.obj
         Debug\Terrain.obj
         Debug\Vector.obj /IGNORE:4089 
         MultiAnimMesh_2005.vcxproj -> D:\directx\project\MultiAnimMesh-13-getPoint\MultiAnimMesh\Debug\MultiAnimMesh.exe
       FinalizeBuildStatus:
         正在删除文件“Debug\MultiAnimMesh.unsuccessfulbuild”。
         正在对“Debug\MultiAnimMesh.lastbuildstate”执行 Touch 任务。
     1>已完成生成项目“D:\directx\project\MultiAnimMesh-13-getPoint\MultiAnimMesh\MultiAnimMesh_2005.vcxproj”(build 个目标)的操作。

生成成功。

已用时间 00:00:02.74
